2025-09-05 02:19:57 Loading main app package /usr/lib/obsidian/obsidian.asar
2025-09-05 02:20:18 Loading main app package /usr/lib/obsidian/obsidian.asar
2025-09-05 02:21:22 Loading main app package /usr/lib/obsidian/obsidian.asar
2025-09-05 02:22:18 Loading main app package /usr/lib/obsidian/obsidian.asar
2025-09-05 02:22:18 Checking for update using Github
2025-09-05 02:22:19 Success.
2025-09-05 02:22:19 Latest version is 1.9.12
2025-09-05 02:22:19 App is up to date.
2025-09-05 02:24:31 Loading main app package /usr/lib/obsidian/obsidian.asar
2025-09-05 02:26:52 Loading main app package /usr/lib/obsidian/obsidian.asar
2025-09-05 02:26:52 Checking for update using Github
2025-09-05 02:26:52 Success.
2025-09-05 02:26:52 Latest version is 1.9.12
2025-09-05 02:26:52 App is up to date.
2025-09-05 04:23:18 Checking for update using Github
2025-09-05 04:23:19 Success.
2025-09-05 04:23:19 Latest version is 1.9.12
2025-09-05 04:23:19 App is up to date.
2025-09-05 05:23:18 Checking for update using Github
2025-09-05 05:23:19 Success.
2025-09-05 05:23:19 Latest version is 1.9.12
2025-09-05 05:23:19 App is up to date.
2025-09-05 06:23:18 Checking for update using Github
2025-09-05 06:23:19 Success.
2025-09-05 06:23:19 Latest version is 1.9.12
2025-09-05 06:23:19 App is up to date.
2025-09-05 08:17:42 Loading main app package /usr/lib/obsidian/obsidian.asar
2025-09-05 08:17:42 Checking for update using Github
2025-09-05 08:17:42 Failed to check for update using Github (net::ERR_NAME_NOT_RESOLVED)
2025-09-05 08:17:42 Checking for update using obsidian.md
2025-09-05 08:17:42 Failed to check for update using obsidian.md (net::ERR_NAME_NOT_RESOLVED)
2025-09-05 09:17:42 Checking for update using Github
2025-09-05 09:17:42 Failed to check for update using Github (net::ERR_NAME_NOT_RESOLVED)
2025-09-05 09:17:42 Checking for update using obsidian.md
2025-09-05 09:17:42 Failed to check for update using obsidian.md (net::ERR_NAME_NOT_RESOLVED)
2025-09-05 10:17:42 Checking for update using Github
2025-09-05 10:17:43 Success.
2025-09-05 10:17:43 Latest version is 1.9.12
2025-09-05 10:17:43 App is up to date.
2025-09-05 11:17:42 Checking for update using Github
2025-09-05 11:17:43 Success.
2025-09-05 11:17:43 Latest version is 1.9.12
2025-09-05 11:17:43 App is up to date.
2025-09-05 12:17:42 Checking for update using Github
2025-09-05 12:17:43 Success.
2025-09-05 12:17:43 Latest version is 1.9.12
2025-09-05 12:17:43 App is up to date.
2025-09-05 13:17:42 Checking for update using Github
2025-09-05 13:17:43 Success.
2025-09-05 13:17:43 Latest version is 1.9.12
2025-09-05 13:17:43 App is up to date.
2025-09-05 15:35:18 Loading main app package /usr/lib/obsidian/obsidian.asar
2025-09-05 15:35:18 Checking for update using Github
2025-09-05 15:35:20 Success.
2025-09-05 15:35:20 Latest version is 1.9.12
2025-09-05 15:35:20 App is up to date.
2025-09-05 16:35:19 Checking for update using Github
2025-09-05 16:35:19 Success.
2025-09-05 16:35:19 Latest version is 1.9.12
2025-09-05 16:35:19 App is up to date.
